<?xml version="1.0" encoding="UTF-8"?>
<!-- Generated by org.testng.reporters.JUnitReportReporter -->
<testsuite hostname="Deepak" failures="0" tests="2" name="Tests.WorkplaceSearch" time="93.772" errors="0" timestamp="2024-09-15T19:20:40 IST" skipped="0">
  <testcase classname="Tests.WorkplaceSearch" name="search" time="46.086"/>
  <testcase classname="Tests.WorkplaceSearch" name="search" time="47.686"/>
</testsuite> <!-- Tests.WorkplaceSearch -->
