<?xml version="1.0" encoding="UTF-8"?>
<!-- Generated by org.testng.reporters.JUnitReportReporter -->
<testsuite hostname="Deepak" failures="0" tests="2" name="Tests.WorkplaceSearch" time="72.356" errors="0" timestamp="2024-09-15T11:59:44 IST" skipped="0">
  <testcase classname="Tests.WorkplaceSearch" name="search" time="36.924"/>
  <testcase classname="Tests.WorkplaceSearch" name="search" time="35.432"/>
</testsuite> <!-- Tests.WorkplaceSearch -->
