<?xml version="1.0" encoding="UTF-8"?>
<!-- Generated by org.testng.reporters.JUnitReportReporter -->
<testsuite hostname="Deepak" failures="0" tests="2" name="Tests.WorkplaceSearch" time="40.161" errors="0" timestamp="2024-09-15T10:00:33 IST" skipped="0">
  <testcase classname="Tests.WorkplaceSearch" name="search" time="19.395"/>
  <testcase classname="Tests.WorkplaceSearch" name="search" time="20.766"/>
</testsuite> <!-- Tests.WorkplaceSearch -->
