<?xml version="1.0" encoding="UTF-8"?>
<!-- Generated by org.testng.reporters.JUnitReportReporter -->
<testsuite hostname="Deepak" failures="0" tests="2" name="Tests.WorkplaceSearch" time="166.352" errors="0" timestamp="2024-09-17T19:49:50 IST" skipped="0">
  <testcase classname="Tests.WorkplaceSearch" name="search" time="82.029"/>
  <testcase classname="Tests.WorkplaceSearch" name="search" time="84.323"/>
</testsuite> <!-- Tests.WorkplaceSearch -->
