<?xml version="1.0" encoding="UTF-8"?>
<!-- Generated by org.testng.reporters.JUnitReportReporter -->
<testsuite hostname="Deepak" failures="0" tests="2" name="Tests.WorkplaceSearch" time="146.879" errors="0" timestamp="2024-09-16T01:03:39 IST" skipped="0">
  <testcase classname="Tests.WorkplaceSearch" name="search" time="71.956"/>
  <testcase classname="Tests.WorkplaceSearch" name="search" time="74.923"/>
</testsuite> <!-- Tests.WorkplaceSearch -->
